proguard/seeds.txt
android.support.v4.content.ModernAsyncTask$Status: android.support.v4.content.ModernAsyncTask$Status[] values()
android.support.v4.content.ModernAsyncTask$Status: android.support.v4.content.ModernAsyncTask$Status valueOf(java.lang.String)
android.support.v4.view.PagerAdapter: android.database.DataSetObservable mObservable
android.support.v4.view.PagerAdapter: int POSITION_UNCHANGED
android.support.v4.view.PagerAdapter: int POSITION_NONE
android.support.v4.view.PagerAdapter: PagerAdapter()
android.support.v4.view.PagerAdapter: int getCount()
android.support.v4.view.PagerAdapter: void startUpdate(android.view.ViewGroup)
android.support.v4.view.PagerAdapter: java.lang.Object instantiateItem(android.view.ViewGroup,int)
android.support.v4.view.PagerAdapter: void destroyItem(android.view.ViewGroup,int,java.lang.Object)
android.support.v4.view.PagerAdapter: void setPrimaryItem(android.view.ViewGroup,int,java.lang.Object)
android.support.v4.view.PagerAdapter: void finishUpdate(android.view.ViewGroup)
android.support.v4.view.PagerAdapter: void startUpdate(android.view.View)
android.support.v4.view.PagerAdapter: java.lang.Object instantiateItem(android.view.View,int)
android.support.v4.view.PagerAdapter: void destroyItem(android.view.View,int,java.lang.Object)
android.support.v4.view.PagerAdapter: void setPrimaryItem(android.view.View,int,java.lang.Object)
android.support.v4.view.PagerAdapter: void finishUpdate(android.view.View)
android.support.v4.view.PagerAdapter: boolean isViewFromObject(android.view.View,java.lang.Object)
android.support.v4.view.PagerAdapter: android.os.Parcelable saveState()
android.support.v4.view.PagerAdapter: void restoreState(android.os.Parcelable,java.lang.ClassLoader)
android.support.v4.view.PagerTabStrip
android.support.v4.view.PagerTabStrip: PagerTabStrip(android.content.Context,android.util.AttributeSet)
android.support.v4.view.PagerTitleStrip
android.support.v4.view.PagerTitleStrip: PagerTitleStrip(android.content.Context,android.util.AttributeSet)
android.support.v4.view.ViewPager
android.support.v4.view.ViewPager: ViewPager(android.content.Context,android.util.AttributeSet)
android.support.v4.view.ViewPager$LayoutParams
android.support.v4.view.ViewPager$LayoutParams: ViewPager$LayoutParams(android.content.Context,android.util.AttributeSet)
android.support.v4.view.ViewPager$SavedState
android.support.v4.view.ViewPager$SavedState: android.os.Parcelable$Creator CREATOR
com.actionbarsherlock.ActionBarSherlock
com.actionbarsherlock.ActionBarSherlock: java.lang.String TAG
com.actionbarsherlock.ActionBarSherlock: boolean DEBUG
com.actionbarsherlock.ActionBarSherlock: java.lang.Class[] CONSTRUCTOR_ARGS
com.actionbarsherlock.ActionBarSherlock: java.util.HashMap IMPLEMENTATIONS
com.actionbarsherlock.ActionBarSherlock: int FLAG_DELEGATE
com.actionbarsherlock.ActionBarSherlock: android.app.Activity mActivity
com.actionbarsherlock.ActionBarSherlock: boolean mIsDelegate
com.actionbarsherlock.ActionBarSherlock: com.actionbarsherlock.view.MenuInflater mMenuInflater
com.actionbarsherlock.ActionBarSherlock: void <clinit>()
com.actionbarsherlock.ActionBarSherlock: void registerImplementation(java.lang.Class)
com.actionbarsherlock.ActionBarSherlock: boolean unregisterImplementation(java.lang.Class)
com.actionbarsherlock.ActionBarSherlock: com.actionbarsherlock.ActionBarSherlock wrap(android.app.Activity)
com.actionbarsherlock.ActionBarSherlock: com.actionbarsherlock.ActionBarSherlock wrap(android.app.Activity,int)
com.actionbarsherlock.ActionBarSherlock: ActionBarSherlock(android.app.Activity,int)
com.actionbarsherlock.ActionBarSherlock: com.actionbarsherlock.app.ActionBar getActionBar()
com.actionbarsherlock.ActionBarSherlock: void dispatchConfigurationChanged(android.content.res.Configuration)
com.actionbarsherlock.ActionBarSherlock: void dispatchPostResume()
com.actionbarsherlock.ActionBarSherlock: void dispatchPause()