proguard/mapping.txt
org.joda.time.chrono.BasicWeekyearDateTimeField -> a.a.b.b.l:
    org.joda.time.chrono.BasicChronology iChronology -> a
    int get(long) -> a
    long add(long,int) -> a
    long add(long,long) -> a
    long set(long,int) -> b
    org.joda.time.DurationField getRangeDurationField() -> e
    boolean isLeap(long) -> b
    org.joda.time.DurationField getLeapDurationField() -> f
    int getMinimumValue() -> g
    int getMaximumValue() -> h
    long roundFloor(long) -> d
    long remainder(long) -> i
org.joda.time.chrono.BasicYearDateTimeField -> a.a.b.b.m:
    org.joda.time.chrono.BasicChronology iChronology -> a
    int get(long) -> a
    long add(long,int) -> a
    long add(long,long) -> a
    long set(long,int) -> b
    org.joda.time.DurationField getRangeDurationField() -> e
    boolean isLeap(long) -> b
    org.joda.time.DurationField getLeapDurationField() -> f
    int getMinimumValue() -> g
    int getMaximumValue() -> h
    long roundFloor(long) -> d
    long roundCeiling(long) -> e
    long remainder(long) -> i
org.joda.time.chrono.GJDayOfWeekDateTimeField -> a.a.b.b.n:
    org.joda.time.chrono.BasicChronology iChronology -> b
    int get(long) -> a
    java.lang.String getAsText(int,java.util.Locale) -> a
    java.lang.String getAsShortText(int,java.util.Locale) -> b
    int convertText(java.lang.String,java.util.Locale) -> a
    org.joda.time.DurationField getRangeDurationField() -> e
    int getMinimumValue() -> g
    int getMaximumValue() -> h
    int getMaximumTextLength(java.util.Locale) -> a
org.joda.time.chrono.GJEraDateTimeField -> a.a.b.b.o:
    org.joda.time.chrono.BasicChronology iChronology -> a
    int get(long) -> a
    java.lang.String getAsText(int,java.util.Locale) -> a
    long set(long,int) -> b
    long set(long,java.lang.String,java.util.Locale) -> a
    long roundFloor(long) -> d
    long roundCeiling(long) -> e
    long roundHalfFloor(long) -> f
    long roundHalfCeiling(long) -> g
    long roundHalfEven(long) -> h
    org.joda.time.DurationField getDurationField() -> d
    org.joda.time.DurationField getRangeDurationField() -> e
    int getMinimumValue() -> g
    int getMaximumValue() -> h
    int getMaximumTextLength(java.util.Locale) -> a
org.joda.time.chrono.GJLocaleSymbols -> a.a.b.b.p:
    org.joda.time.chrono.GJLocaleSymbols[] cFastCache -> a
    java.util.WeakHashMap cCache -> b
    java.lang.ref.WeakReference iLocale -> c
    java.lang.String[] iEras -> d
    java.lang.String[] iDaysOfWeek -> e
    java.lang.String[] iShortDaysOfWeek -> f
    java.lang.String[] iMonths -> g
    java.lang.String[] iShortMonths -> h
    java.lang.String[] iHalfday -> i
    java.util.TreeMap iParseEras -> j
    java.util.TreeMap iParseDaysOfWeek -> k
    java.util.TreeMap iParseMonths -> l
    int iMaxEraLength -> m
    int iMaxDayOfWeekLength -> n
    int iMaxShortDayOfWeekLength -> o
    int iMaxMonthLength -> p
    int iMaxShortMonthLength -> q
    int iMaxHalfdayLength -> r
    org.joda.time.chrono.GJLocaleSymbols forLocale(java.util.Locale) -> a
    java.lang.String[] realignMonths(java.lang.String[]) -> a
    java.lang.String[] realignDaysOfWeek(java.lang.String[]) -> b
    void addSymbols(java.util.TreeMap,java.lang.String[],java.lang.Integer[]) -> a
    void addNumerals$31159a50(java.util.TreeMap,int,java.lang.Integer[]) -> a
    int maxLength(java.lang.String[]) -> c
    java.lang.String eraValueToText(int) -> a
    int eraTextToValue(java.lang.String) -> a
    int getEraMaxTextLength() -> a
    java.lang.String monthOfYearValueToText(int) -> b
    java.lang.String monthOfYearValueToShortText(int) -> c
    int monthOfYearTextToValue(java.lang.String) -> b
    int getMonthMaxTextLength() -> b
org.joda.time.chrono.GJMonthOfYearDateTimeField -> a.a.b.b.q:
    java.lang.String getAsText(int,java.util.Locale) -> a
    java.lang.String getAsShortText(int,java.util.Locale) -> b
    int convertText(java.lang.String,java.util.Locale) -> a
    int getMaximumTextLength(java.util.Locale) -> a